C:\Program Files\Microsoft Visual Studio\2022\Community\MSBuild\Microsoft\VC\v170\Microsoft.CppBuild.targets(531,5): warning MSB8028: El directorio intermedio (x64\Debug\) contiene archivos compartidos de otro proyecto (SFML practice.vcxproj). Esto puede dar lugar a un comportamiento incorrecto de limpieza y recompilación.
  Board.cpp
C:\Users\enocg\source\repos\SFML practice\SFML practice\include\SFML\System\Exception.hpp(41,47): warning C4275: se ha utilizado una interfaz no de DLL class 'std::runtime_error' como base para la interfaz DLL class 'sf::Exception'
C:\Users\enocg\Progra1\Proyecto1_egarro\SFML practice\Board.cpp(55,66): warning C4244: 'argumento': conversión de 'int' a 'T'; posible pérdida de datos
C:\Users\enocg\Progra1\Proyecto1_egarro\SFML practice\Board.cpp(55,66): warning C4244:         with
C:\Users\enocg\Progra1\Proyecto1_egarro\SFML practice\Board.cpp(55,66): warning C4244:         [
C:\Users\enocg\Progra1\Proyecto1_egarro\SFML practice\Board.cpp(55,66): warning C4244:             T=float
C:\Users\enocg\Progra1\Proyecto1_egarro\SFML practice\Board.cpp(55,66): warning C4244:         ]
C:\Users\enocg\Progra1\Proyecto1_egarro\SFML practice\Board.cpp(55,51): warning C4244: 'argumento': conversión de 'int' a 'T'; posible pérdida de datos
C:\Users\enocg\Progra1\Proyecto1_egarro\SFML practice\Board.cpp(55,51): warning C4244:         with
C:\Users\enocg\Progra1\Proyecto1_egarro\SFML practice\Board.cpp(55,51): warning C4244:         [
C:\Users\enocg\Progra1\Proyecto1_egarro\SFML practice\Board.cpp(55,51): warning C4244:             T=float
C:\Users\enocg\Progra1\Proyecto1_egarro\SFML practice\Board.cpp(55,51): warning C4244:         ]
C:\Users\enocg\Progra1\Proyecto1_egarro\SFML practice\Board.cpp(156,88): warning C4244: 'argumento': conversión de 'int' a 'T'; posible pérdida de datos
C:\Users\enocg\Progra1\Proyecto1_egarro\SFML practice\Board.cpp(156,88): warning C4244:         with
C:\Users\enocg\Progra1\Proyecto1_egarro\SFML practice\Board.cpp(156,88): warning C4244:         [
C:\Users\enocg\Progra1\Proyecto1_egarro\SFML practice\Board.cpp(156,88): warning C4244:             T=float
C:\Users\enocg\Progra1\Proyecto1_egarro\SFML practice\Board.cpp(156,88): warning C4244:         ]
C:\Users\enocg\Progra1\Proyecto1_egarro\SFML practice\Board.cpp(156,66): warning C4244: 'argumento': conversión de 'int' a 'T'; posible pérdida de datos
C:\Users\enocg\Progra1\Proyecto1_egarro\SFML practice\Board.cpp(156,66): warning C4244:         with
C:\Users\enocg\Progra1\Proyecto1_egarro\SFML practice\Board.cpp(156,66): warning C4244:         [
C:\Users\enocg\Progra1\Proyecto1_egarro\SFML practice\Board.cpp(156,66): warning C4244:             T=float
C:\Users\enocg\Progra1\Proyecto1_egarro\SFML practice\Board.cpp(156,66): warning C4244:         ]
C:\Users\enocg\Progra1\Proyecto1_egarro\SFML practice\Board.cpp(179,66): warning C4244: 'argumento': conversión de 'int' a 'T'; posible pérdida de datos
C:\Users\enocg\Progra1\Proyecto1_egarro\SFML practice\Board.cpp(179,66): warning C4244:         with
C:\Users\enocg\Progra1\Proyecto1_egarro\SFML practice\Board.cpp(179,66): warning C4244:         [
C:\Users\enocg\Progra1\Proyecto1_egarro\SFML practice\Board.cpp(179,66): warning C4244:             T=float
C:\Users\enocg\Progra1\Proyecto1_egarro\SFML practice\Board.cpp(179,66): warning C4244:         ]
C:\Users\enocg\Progra1\Proyecto1_egarro\SFML practice\Board.cpp(179,51): warning C4244: 'argumento': conversión de 'int' a 'T'; posible pérdida de datos
C:\Users\enocg\Progra1\Proyecto1_egarro\SFML practice\Board.cpp(179,51): warning C4244:         with
C:\Users\enocg\Progra1\Proyecto1_egarro\SFML practice\Board.cpp(179,51): warning C4244:         [
C:\Users\enocg\Progra1\Proyecto1_egarro\SFML practice\Board.cpp(179,51): warning C4244:             T=float
C:\Users\enocg\Progra1\Proyecto1_egarro\SFML practice\Board.cpp(179,51): warning C4244:         ]
  Gem.cpp
C:\Users\enocg\source\repos\SFML practice\SFML practice\include\SFML\System\Exception.hpp(41,47): warning C4275: se ha utilizado una interfaz no de DLL class 'std::runtime_error' como base para la interfaz DLL class 'sf::Exception'
  Game.cpp
C:\Users\enocg\source\repos\SFML practice\SFML practice\include\SFML\System\Exception.hpp(41,47): warning C4275: se ha utilizado una interfaz no de DLL class 'std::runtime_error' como base para la interfaz DLL class 'sf::Exception'
  main.cpp
C:\Users\enocg\source\repos\SFML practice\SFML practice\include\SFML\System\Exception.hpp(41,47): warning C4275: se ha utilizado una interfaz no de DLL class 'std::runtime_error' como base para la interfaz DLL class 'sf::Exception'
  Generando código...
  SFML practice.vcxproj -> C:\Users\enocg\Progra1\Proyecto1_egarro\x64\Debug\Proyecto1_egarro.exe
